<?xml version="1.0" encoding="UTF-8"?>
<!-- Generated by org.testng.reporters.JUnitXMLReporter -->
<testsuite ignored="0" hostname="LAPTOP-NT62VGN0" failures="1" tests="1" name="Guru99 Bank Test" time="39.277" errors="0" timestamp="25 May 2023 04:46:39 GMT">
  <testcase classname="MyRunner.TestRunner" name="feature" time="37.431">
    <failure type="cucumber.runtime.CucumberException" message="java.lang.AssertionError: expected [] but found [Guru99 Bank Home Page]">
      <![CDATA[cucumber.runtime.CucumberException: java.lang.AssertionError: expected [] but found [Guru99 Bank Home Page]
at cucumber.api.testng.TestNGCucumberRunner.runCucumber(TestNGCucumberRunner.java:69)
at MyRunner.TestRunner.feature(TestRunner.java:33)
at java.base/java.util.concurrent.FutureTask.run(FutureTask.java:264)
at java.base/java.util.concurrent.ThreadPoolExecutor.runWorker(ThreadPoolExecutor.java:1130)
at java.base/java.util.concurrent.ThreadPoolExecutor$Worker.run(ThreadPoolExecutor.java:630)
at java.base/java.lang.Thread.run(Thread.java:832)
Caused by: java.lang.AssertionError: expected [] but found [Guru99 Bank Home Page]
at stepDefinitions.LogInPageStepDefinition.user_is_on_Home_Page(LogInPageStepDefinition.java:61)
at âœ½.Then user is on Home Page(login.feature:27)
... Removed 22 stack frames]]>
    </failure>
  </testcase> <!-- feature -->
</testsuite> <!-- Guru99 Bank Test -->
